# JRE version: Java(TM) SE Runtime Environment (8.0_25-b18) (build 1.8.0_25-b18)
# Java VM: Java HotSpot(TM) 64-Bit Server VM (25.25-b02 mixed mode windows-amd64 compressed oops)
Heap:
 PSYoungGen      total 24576K, used 22789K [0x00000000d5e00000, 0x00000000d7700000, 0x0000000100000000)
  eden space 24064K, 93% used [0x00000000d5e00000,0x00000000d7401798,0x00000000d7580000)
  from space 512K, 50% used [0x00000000d7680000,0x00000000d76c0000,0x00000000d7700000)
  to   space 512K, 0% used [0x00000000d7600000,0x00000000d7600000,0x00000000d7680000)
 ParOldGen       total 87552K, used 10355K [0x0000000081a00000, 0x0000000086f80000, 0x00000000d5e00000)
  object space 87552K, 11% used [0x0000000081a00000,0x000000008241cf10,0x0000000086f80000)
 Metaspace       used 11829K, capacity 11957K, committed 12032K, reserved 1060864K
  class space    used 1226K, capacity 1247K, committed 1280K, reserved 1048576K
GC Heap History (10 events):
Event: 779.700 GC heap before
{Heap before GC invocations=204 (full 0):
 PSYoungGen      total 24576K, used 24256K [0x00000000d5e00000, 0x00000000d7700000, 0x0000000100000000)
  eden space 24064K, 100% used [0x00000000d5e00000,0x00000000d7580000,0x00000000d7580000)
  from space 512K, 37% used [0x00000000d7600000,0x00000000d7630000,0x00000000d7680000)
  to   space 512K, 0% used [0x00000000d7680000,0x00000000d7680000,0x00000000d7700000)
 ParOldGen       total 87552K, used 10187K [0x0000000081a00000, 0x0000000086f80000, 0x00000000d5e00000)
  object space 87552K, 11% used [0x0000000081a00000,0x00000000823f2f10,0x0000000086f80000)
 Metaspace       used 11829K, capacity 11957K, committed 12032K, reserved 1060864K
  class space    used 1226K, capacity 1247K, committed 1280K, reserved 1048576K
Event: 779.702 GC heap after
Heap after GC invocations=204 (full 0):
 PSYoungGen      total 24576K, used 192K [0x00000000d5e00000, 0x00000000d7700000, 0x0000000100000000)
  eden space 24064K, 0% used [0x00000000d5e00000,0x00000000d5e00000,0x00000000d7580000)
  from space 512K, 37% used [0x00000000d7680000,0x00000000d76b0000,0x00000000d7700000)
  to   space 512K, 0% used [0x00000000d7600000,0x00000000d7600000,0x00000000d7680000)
 ParOldGen       total 87552K, used 10227K [0x0000000081a00000, 0x0000000086f80000, 0x00000000d5e00000)
  object space 87552K, 11% used [0x0000000081a00000,0x00000000823fcf10,0x0000000086f80000)
 Metaspace       used 11829K, capacity 11957K, committed 12032K, reserved 1060864K
  class space    used 1226K, capacity 1247K, committed 1280K, reserved 1048576K
}
Event: 783.448 GC heap before
{Heap before GC invocations=205 (full 0):
 PSYoungGen      total 24576K, used 24256K [0x00000000d5e00000, 0x00000000d7700000, 0x0000000100000000)
  eden space 24064K, 100% used [0x00000000d5e00000,0x00000000d7580000,0x00000000d7580000)
  from space 512K, 37% used [0x00000000d7680000,0x00000000d76b0000,0x00000000d7700000)
  to   space 512K, 0% used [0x00000000d7600000,0x00000000d7600000,0x00000000d7680000)
 ParOldGen       total 87552K, used 10227K [0x0000000081a00000, 0x0000000086f80000, 0x00000000d5e00000)
  object space 87552K, 11% used [0x0000000081a00000,0x00000000823fcf10,0x0000000086f80000)
 Metaspace       used 11829K, capacity 11957K, committed 12032K, reserved 1060864K
  class space    used 1226K, capacity 1247K, committed 1280K, reserved 1048576K
Event: 783.449 GC heap after
Heap after GC invocations=205 (full 0):
 PSYoungGen      total 24576K, used 224K [0x00000000d5e00000, 0x00000000d7700000, 0x0000000100000000)
  eden space 24064K, 0% used [0x00000000d5e00000,0x00000000d5e00000,0x00000000d7580000)
  from space 512K, 43% used [0x00000000d7600000,0x00000000d7638000,0x00000000d7680000)
  to   space 512K, 0% used [0x00000000d7680000,0x00000000d7680000,0x00000000d7700000)
 ParOldGen       total 87552K, used 10259K [0x0000000081a00000, 0x0000000086f80000, 0x00000000d5e00000)
  object space 87552K, 11% used [0x0000000081a00000,0x0000000082404f10,0x0000000086f80000)
 Metaspace       used 11829K, capacity 11957K, committed 12032K, reserved 1060864K
  class space    used 1226K, capacity 1247K, committed 1280K, reserved 1048576K
}
Event: 787.187 GC heap before
{Heap before GC invocations=206 (full 0):
 PSYoungGen      total 24576K, used 24288K [0x00000000d5e00000, 0x00000000d7700000, 0x0000000100000000)
  eden space 24064K, 100% used [0x00000000d5e00000,0x00000000d7580000,0x00000000d7580000)
  from space 512K, 43% used [0x00000000d7600000,0x00000000d7638000,0x00000000d7680000)
  to   space 512K, 0% used [0x00000000d7680000,0x00000000d7680000,0x00000000d7700000)
 ParOldGen       total 87552K, used 10259K [0x0000000081a00000, 0x0000000086f80000, 0x00000000d5e00000)
  object space 87552K, 11% used [0x0000000081a00000,0x0000000082404f10,0x0000000086f80000)
 Metaspace       used 11829K, capacity 11957K, committed 12032K, reserved 1060864K
  class space    used 1226K, capacity 1247K, committed 1280K, reserved 1048576K
Event: 787.188 GC heap after
Heap after GC invocations=206 (full 0):
 PSYoungGen      total 24576K, used 192K [0x00000000d5e00000, 0x00000000d7700000, 0x0000000100000000)
  eden space 24064K, 0% used [0x00000000d5e00000,0x00000000d5e00000,0x00000000d7580000)
  from space 512K, 37% used [0x00000000d7680000,0x00000000d76b0000,0x00000000d7700000)
  to   space 512K, 0% used [0x00000000d7600000,0x00000000d7600000,0x00000000d7680000)
 ParOldGen       total 87552K, used 10291K [0x0000000081a00000, 0x0000000086f80000, 0x00000000d5e00000)
  object space 87552K, 11% used [0x0000000081a00000,0x000000008240cf10,0x0000000086f80000)
 Metaspace       used 11829K, capacity 11957K, committed 12032K, reserved 1060864K
  class space    used 1226K, capacity 1247K, committed 1280K, reserved 1048576K
}
Event: 790.928 GC heap before
{Heap before GC invocations=207 (full 0):
 PSYoungGen      total 24576K, used 24256K [0x00000000d5e00000, 0x00000000d7700000, 0x0000000100000000)
  eden space 24064K, 100% used [0x00000000d5e00000,0x00000000d7580000,0x00000000d7580000)
  from space 512K, 37% used [0x00000000d7680000,0x00000000d76b0000,0x00000000d7700000)
  to   space 512K, 0% used [0x00000000d7600000,0x00000000d7600000,0x00000000d7680000)
 ParOldGen       total 87552K, used 10291K [0x0000000081a00000, 0x0000000086f80000, 0x00000000d5e00000)
  object space 87552K, 11% used [0x0000000081a00000,0x000000008240cf10,0x0000000086f80000)
 Metaspace       used 11829K, capacity 11957K, committed 12032K, reserved 1060864K
  class space    used 1226K, capacity 1247K, committed 1280K, reserved 1048576K
Event: 790.931 GC heap after
Heap after GC invocations=207 (full 0):
 PSYoungGen      total 24576K, used 224K [0x00000000d5e00000, 0x00000000d7700000, 0x0000000100000000)
  eden space 24064K, 0% used [0x00000000d5e00000,0x00000000d5e00000,0x00000000d7580000)
  from space 512K, 43% used [0x00000000d7600000,0x00000000d7638000,0x00000000d7680000)
  to   space 512K, 0% used [0x00000000d7680000,0x00000000d7680000,0x00000000d7700000)
 ParOldGen       total 87552K, used 10323K [0x0000000081a00000, 0x0000000086f80000, 0x00000000d5e00000)
  object space 87552K, 11% used [0x0000000081a00000,0x0000000082414f10,0x0000000086f80000)
 Metaspace       used 11829K, capacity 11957K, committed 12032K, reserved 1060864K
  class space    used 1226K, capacity 1247K, committed 1280K, reserved 1048576K
}
Event: 794.665 GC heap before
{Heap before GC invocations=208 (full 0):
 PSYoungGen      total 24576K, used 24288K [0x00000000d5e00000, 0x00000000d7700000, 0x0000000100000000)
  eden space 24064K, 100% used [0x00000000d5e00000,0x00000000d7580000,0x00000000d7580000)
  from space 512K, 43% used [0x00000000d7600000,0x00000000d7638000,0x00000000d7680000)
  to   space 512K, 0% used [0x00000000d7680000,0x00000000d7680000,0x00000000d7700000)
 ParOldGen       total 87552K, used 10323K [0x0000000081a00000, 0x0000000086f80000, 0x00000000d5e00000)
  object space 87552K, 11% used [0x0000000081a00000,0x0000000082414f10,0x0000000086f80000)
 Metaspace       used 11829K, capacity 11957K, committed 12032K, reserved 1060864K
  class space    used 1226K, capacity 1247K, committed 1280K, reserved 1048576K
Event: 794.666 GC heap after
Heap after GC invocations=208 (full 0):
 PSYoungGen      total 24576K, used 256K [0x00000000d5e00000, 0x00000000d7700000, 0x0000000100000000)
  eden space 24064K, 0% used [0x00000000d5e00000,0x00000000d5e00000,0x00000000d7580000)
  from space 512K, 50% used [0x00000000d7680000,0x00000000d76c0000,0x00000000d7700000)
  to   space 512K, 0% used [0x00000000d7600000,0x00000000d7600000,0x00000000d7680000)
 ParOldGen       total 87552K, used 10355K [0x0000000081a00000, 0x0000000086f80000, 0x00000000d5e00000)
  object space 87552K, 11% used [0x0000000081a00000,0x000000008241cf10,0x0000000086f80000)
 Metaspace       used 11829K, capacity 11957K, committed 12032K, reserved 1060864K
  class space    used 1226K, capacity 1247K, committed 1280K, reserved 1048576K
}

